Determining if the pthread_create exist failed with the following output:
Change Dir: /home/dango/dango_file/Yuntai_ws/build/CMakeFiles/CMakeTmp

Run Build Command:"/usr/bin/make" "cmTC_0e38c/fast"
/usr/bin/make -f CMakeFiles/cmTC_0e38c.dir/build.make CMakeFiles/cmTC_0e38c.dir/build
make[1]: 进入目录“/home/dango/dango_file/Yuntai_ws/build/CMakeFiles/CMakeTmp”
Building C object CMakeFiles/cmTC_0e38c.dir/CheckSymbolExists.c.o
/usr/bin/cc    -o CMakeFiles/cmTC_0e38c.dir/CheckSymbolExists.c.o   -c /home/dango/dango_file/Yuntai_ws/build/CMakeFiles/CMakeTmp/CheckSymbolExists.c
Linking C executable cmTC_0e38c
/usr/bin/cmake -E cmake_link_script CMakeFiles/cmTC_0e38c.dir/link.txt --verbose=1
/usr/bin/cc      -rdynamic CMakeFiles/cmTC_0e38c.dir/CheckSymbolExists.c.o  -o cmTC_0e38c 
CMakeFiles/cmTC_0e38c.dir/CheckSymbolExists.c.o：在函数‘main’中：
CheckSymbolExists.c:(.text+0x1b)：对‘pthread_create’未定义的引用
collect2: error: ld returned 1 exit status
CMakeFiles/cmTC_0e38c.dir/build.make:97: recipe for target 'cmTC_0e38c' failed
make[1]: *** [cmTC_0e38c] Error 1
make[1]: 离开目录“/home/dango/dango_file/Yuntai_ws/build/CMakeFiles/CMakeTmp”
Makefile:126: recipe for target 'cmTC_0e38c/fast' failed
make: *** [cmTC_0e38c/fast] Error 2

File /home/dango/dango_file/Yuntai_ws/build/CMakeFiles/CMakeTmp/CheckSymbolExists.c:
/* */
#include <pthread.h>

int main(int argc, char** argv)
{
  (void)argv;
#ifndef pthread_create
  return ((int*)(&pthread_create))[argc];
#else
  (void)argc;
  return 0;
#endif
}

Determining if the function pthread_create exists in the pthreads failed with the following output:
Change Dir: /home/dango/dango_file/Yuntai_ws/build/CMakeFiles/CMakeTmp

Run Build Command:"/usr/bin/make" "cmTC_71c46/fast"
/usr/bin/make -f CMakeFiles/cmTC_71c46.dir/build.make CMakeFiles/cmTC_71c46.dir/build
make[1]: 进入目录“/home/dango/dango_file/Yuntai_ws/build/CMakeFiles/CMakeTmp”
Building C object CMakeFiles/cmTC_71c46.dir/CheckFunctionExists.c.o
/usr/bin/cc   -DCHECK_FUNCTION_EXISTS=pthread_create   -o CMakeFiles/cmTC_71c46.dir/CheckFunctionExists.c.o   -c /usr/share/cmake-3.10/Modules/CheckFunctionExists.c
Linking C executable cmTC_71c46
/usr/bin/cmake -E cmake_link_script CMakeFiles/cmTC_71c46.dir/link.txt --verbose=1
/usr/bin/cc  -DCHECK_FUNCTION_EXISTS=pthread_create    -rdynamic CMakeFiles/cmTC_71c46.dir/CheckFunctionExists.c.o  -o cmTC_71c46 -lpthreads 
/usr/bin/ld: 找不到 -lpthreads
collect2: error: ld returned 1 exit status
CMakeFiles/cmTC_71c46.dir/build.make:97: recipe for target 'cmTC_71c46' failed
make[1]: *** [cmTC_71c46] Error 1
make[1]: 离开目录“/home/dango/dango_file/Yuntai_ws/build/CMakeFiles/CMakeTmp”
Makefile:126: recipe for target 'cmTC_71c46/fast' failed
make: *** [cmTC_71c46/fast] Error 2


